# JRE version: OpenJDK Runtime Environment (11.0.12+7) (build 11.0.12+7-b1504.28-7817840)
# Java VM: OpenJDK 64-Bit Server VM (11.0.12+7-b1504.28-7817840, mixed mode, tiered, compressed oops, g1 gc, windows-amd64)
Heap:
 garbage-first heap   total 262144K, used 19221K [0x0000000080000000, 0x0000000100000000)
  region size 1024K, 3 young (3072K), 3 survivors (3072K)
 Metaspace       used 24546K, capacity 25096K, committed 25216K, reserved 1083392K
  class space    used 3125K, capacity 3354K, committed 3456K, reserved 1048576K
GC Heap History (12 events):
Event: 0.903 GC heap before
{Heap before GC invocations=0 (full 0):
 garbage-first heap   total 262144K, used 20480K [0x0000000080000000, 0x0000000100000000)
  region size 1024K, 14 young (14336K), 0 survivors (0K)
 Metaspace       used 6749K, capacity 6925K, committed 7168K, reserved 1056768K
  class space    used 582K, capacity 650K, committed 768K, reserved 1048576K
}
Event: 0.939 GC heap after
{Heap after GC invocations=1 (full 0):
 garbage-first heap   total 262144K, used 7882K [0x0000000080000000, 0x0000000100000000)
  region size 1024K, 2 young (2048K), 2 survivors (2048K)
 Metaspace       used 6749K, capacity 6925K, committed 7168K, reserved 1056768K
  class space    used 582K, capacity 650K, committed 768K, reserved 1048576K
}
Event: 1.538 GC heap before
{Heap before GC invocations=1 (full 0):
 garbage-first heap   total 262144K, used 20170K [0x0000000080000000, 0x0000000100000000)
  region size 1024K, 14 young (14336K), 2 survivors (2048K)
 Metaspace       used 9913K, capacity 10118K, committed 10368K, reserved 1058816K
  class space    used 1028K, capacity 1102K, committed 1152K, reserved 1048576K
}
Event: 1.542 GC heap after
{Heap after GC invocations=2 (full 0):
 garbage-first heap   total 262144K, used 9377K [0x0000000080000000, 0x0000000100000000)
  region size 1024K, 2 young (2048K), 2 survivors (2048K)
 Metaspace       used 9913K, capacity 10118K, committed 10368K, reserved 1058816K
  class space    used 1028K, capacity 1102K, committed 1152K, reserved 1048576K
}
Event: 2.825 GC heap before
{Heap before GC invocations=2 (full 0):
 garbage-first heap   total 262144K, used 42145K [0x0000000080000000, 0x0000000100000000)
  region size 1024K, 33 young (33792K), 2 survivors (2048K)
 Metaspace       used 10895K, capacity 11073K, committed 11264K, reserved 1058816K
  class space    used 1131K, capacity 1207K, committed 1280K, reserved 1048576K
}
Event: 2.830 GC heap after
{Heap after GC invocations=3 (full 0):
 garbage-first heap   total 262144K, used 12085K [0x0000000080000000, 0x0000000100000000)
  region size 1024K, 5 young (5120K), 5 survivors (5120K)
 Metaspace       used 10895K, capacity 11073K, committed 11264K, reserved 1058816K
  class space    used 1131K, capacity 1207K, committed 1280K, reserved 1048576K
}
Event: 6.048 GC heap before
{Heap before GC invocations=3 (full 0):
 garbage-first heap   total 262144K, used 63285K [0x0000000080000000, 0x0000000100000000)
  region size 1024K, 55 young (56320K), 5 survivors (5120K)
 Metaspace       used 19012K, capacity 19396K, committed 19584K, reserved 1067008K
  class space    used 2290K, capacity 2407K, committed 2432K, reserved 1048576K
}
Event: 6.058 GC heap after
{Heap after GC invocations=4 (full 0):
 garbage-first heap   total 262144K, used 16940K [0x0000000080000000, 0x0000000100000000)
  region size 1024K, 7 young (7168K), 7 survivors (7168K)
 Metaspace       used 19012K, capacity 19396K, committed 19584K, reserved 1067008K
  class space    used 2290K, capacity 2407K, committed 2432K, reserved 1048576K
}
Event: 6.413 GC heap before
{Heap before GC invocations=4 (full 0):
 garbage-first heap   total 262144K, used 33324K [0x0000000080000000, 0x0000000100000000)
  region size 1024K, 24 young (24576K), 7 survivors (7168K)
 Metaspace       used 20718K, capacity 21135K, committed 21248K, reserved 1067008K
  class space    used 2541K, capacity 2710K, committed 2816K, reserved 1048576K
}
Event: 6.422 GC heap after
{Heap after GC invocations=5 (full 0):
 garbage-first heap   total 262144K, used 17433K [0x0000000080000000, 0x0000000100000000)
  region size 1024K, 8 young (8192K), 8 survivors (8192K)
 Metaspace       used 20718K, capacity 21135K, committed 21248K, reserved 1067008K
  class space    used 2541K, capacity 2710K, committed 2816K, reserved 1048576K
}
Event: 7.160 GC heap before
{Heap before GC invocations=6 (full 0):
 garbage-first heap   total 262144K, used 53273K [0x0000000080000000, 0x0000000100000000)
  region size 1024K, 45 young (46080K), 8 survivors (8192K)
 Metaspace       used 24546K, capacity 25096K, committed 25216K, reserved 1081344K
  class space    used 3125K, capacity 3354K, committed 3456K, reserved 1048576K
}
Event: 7.171 GC heap after
{Heap after GC invocations=7 (full 0):
 garbage-first heap   total 262144K, used 19221K [0x0000000080000000, 0x0000000100000000)
  region size 1024K, 3 young (3072K), 3 survivors (3072K)
 Metaspace       used 24546K, capacity 25096K, committed 25216K, reserved 1081344K
  class space    used 3125K, capacity 3354K, committed 3456K, reserved 1048576K
}

